         ps       /f0coefficient_bigtb/DUT/f0    
          delta                                  
          0  +0                   UUUUUUUUUUU 
          0  +1                   00000000000 
     250000  +1                   00011111111 
     350000  +1                   00011111110 
     450000  +1                   00011111101 
     550000  +1                   00011111100 
     650000  +1                   00011111011 
     750000  +1                   00011111010 
     850000  +1                   00011111001 
     950000  +1                   00011111000 
    1050000  +1                   00011110111 
    1150000  +1                   00011110110 
    1250000  +1                   00011110101 
    1350000  +1                   00011110100 
    1450000  +1                   00011110011 
    1550000  +1                   00011110010 
    1650000  +1                   00011110001 
    1750000  +1                   00011110000 
    1850000  +1                   00011101111 
    1950000  +1                   00011101110 
    2050000  +1                   00011101101 
    2150000  +1                   00011101100 
    2250000  +1                   00011101011 
    2350000  +1                   00011101010 
    2450000  +1                   00011101001 
    2550000  +1                   00011101000 
    2650000  +1                   00011100111 
    2750000  +1                   00011100110 
    2850000  +1                   00011100101 
    2950000  +1                   00011100100 
    3050000  +1                   00011100011 
    3150000  +1                   00011100010 
    3250000  +1                   00011100001 
    3350000  +1                   00011100000 
    3450000  +1                   11111011000 
    3550000  +1                   11111010000 
    3650000  +1                   11111001000 
    3750000  +1                   11111000000 
    3850000  +1                   11110111000 
    3950000  +1                   11110110000 
    4050000  +1                   11110101000 
    4150000  +1                   11110100000 
    4250000  +1                   11110011000 
    4350000  +1                   11110010000 
    4450000  +1                   11110001000 
    4550000  +1                   11110000000 
    4650000  +1                   11101111000 
    4750000  +1                   11101110000 
    4850000  +1                   11101101000 
    4950000  +1                   11101100000 
    5050000  +1                   11101011000 
    5150000  +1                   11101010000 
    5250000  +1                   11101001000 
    5350000  +1                   11101000000 
    5450000  +1                   11100111000 
    5550000  +1                   11100110000 
    5650000  +1                   11100101000 
    5750000  +1                   11100100000 
    5850000  +1                   11100011000 
    5950000  +1                   11100010000 
    6050000  +1                   11100001000 
    6150000  +1                   11100000000 
    6250000  +1                   11011111000 
    6350000  +1                   11011110000 
    6450000  +1                   11011101000 
    6550000  +1                   11011100000 
    6650000  +1                   11011011000 
    6750000  +1                   11011010000 
    6850000  +1                   11011001000 
    6950000  +1                   11011000000 
    7050000  +1                   11010111000 
    7150000  +1                   11010110000 
    7250000  +1                   11010101000 
    7350000  +1                   11010100000 
    7450000  +1                   11010011000 
    7550000  +1                   11010010000 
    7650000  +1                   11010001000 
    7750000  +1                   11010000000 
    7850000  +1                   11001111000 
    7950000  +1                   11001110000 
    8050000  +1                   11001101000 
    8150000  +1                   11001100000 
    8250000  +1                   11001011000 
    8350000  +1                   11001010000 
    8450000  +1                   11001001000 
    8550000  +1                   11001000000 
    8650000  +1                   11000111000 
    8750000  +1                   11000110000 
    8850000  +1                   11000101000 
    8950000  +1                   11000100000 
    9050000  +1                   11000011000 
    9150000  +1                   11000010000 
    9250000  +1                   11000001000 
    9350000  +1                   11000000000 
    9450000  +1                   10111111000 
    9550000  +1                   10111110000 
    9650000  +1                   10111101000 
    9750000  +1                   10111100000 
    9850000  +1                   10111011000 
    9950000  +1                   10111010000 
   10050000  +1                   10111001000 
   10150000  +1                   10111000000 
   10250000  +1                   10110111000 
   10350000  +1                   10110110000 
   10450000  +1                   10110101000 
   10550000  +1                   10110100000 
   10650000  +1                   10110011000 
   10750000  +1                   10110010000 
   10850000  +1                   10110001000 
   10950000  +1                   10110000000 
   11050000  +1                   10101111000 
   11150000  +1                   10101110000 
   11250000  +1                   10101101000 
   11350000  +1                   10101100000 
   11450000  +1                   10101011000 
   11550000  +1                   10101010000 
   11650000  +1                   10101001000 
   11750000  +1                   10101000000 
   11850000  +1                   10100111000 
   11950000  +1                   10100110000 
   12050000  +1                   10100101000 
   12150000  +1                   10100100000 
   12250000  +1                   10100011000 
   12350000  +1                   10100010000 
   12450000  +1                   10100001000 
   12550000  +1                   10100000000 
   12650000  +1                   10011111000 
   12750000  +1                   10011110000 
   12850000  +1                   10011101000 
   12950000  +1                   10011100000 
   13050000  +1                   10011011000 
   13150000  +1                   10011010000 
   13250000  +1                   10011001000 
   13350000  +1                   10011000000 
   13450000  +1                   10010111000 
   13550000  +1                   10010110000 
   13650000  +1                   10010101000 
   13750000  +1                   10010100000 
   13850000  +1                   10010011000 
   13950000  +1                   10010010000 
   14050000  +1                   10010001000 
   14150000  +1                   10010000000 
   14250000  +1                   10001111000 
   14350000  +1                   10001110000 
   14450000  +1                   10001101000 
   14550000  +1                   10001100000 
   14650000  +1                   10001011000 
   14750000  +1                   10001010000 
   14850000  +1                   10001001000 
   14950000  +1                   10001000000 
   15050000  +1                   10000111000 
   15150000  +1                   10000110000 
   15250000  +1                   10000101000 
   15350000  +1                   10000100000 
   15450000  +1                   10000011000 
   15550000  +1                   10000010000 
   15650000  +1                   10000001000 
   15750000  +1                   10000000000 
   15850000  +1                   01111111000 
   15950000  +1                   01111110000 
   16050000  +1                   01111101000 
   16150000  +1                   01111100000 
   16250000  +1                   01111011000 
   16350000  +1                   01111010000 
   16450000  +1                   01111001000 
   16550000  +1                   01111000000 
   16650000  +1                   01110111000 
   16750000  +1                   01110110000 
   16850000  +1                   01110101000 
   16950000  +1                   01110100000 
   17050000  +1                   01110011000 
   17150000  +1                   01110010000 
   17250000  +1                   01110001000 
   17350000  +1                   01110000000 
   17450000  +1                   01101111000 
   17550000  +1                   01101110000 
   17650000  +1                   01101101000 
   17750000  +1                   01101100000 
   17850000  +1                   01101011000 
   17950000  +1                   01101010000 
   18050000  +1                   01101001000 
   18150000  +1                   01101000000 
   18250000  +1                   01100111000 
   18350000  +1                   01100110000 
   18450000  +1                   01100101000 
   18550000  +1                   01100100000 
   18650000  +1                   01100011000 
   18750000  +1                   01100010000 
   18850000  +1                   01100001000 
   18950000  +1                   01100000000 
   19050000  +1                   01011111000 
   19150000  +1                   01011110000 
   19250000  +1                   01011101000 
   19350000  +1                   01011100000 
   19450000  +1                   01011011000 
   19550000  +1                   01011010000 
   19650000  +1                   01011001000 
   19750000  +1                   01011000000 
   19850000  +1                   01010111000 
   19950000  +1                   01010110000 
   20050000  +1                   01010101000 
   20150000  +1                   01010100000 
   20250000  +1                   01010011000 
   20350000  +1                   01010010000 
   20450000  +1                   01010001000 
   20550000  +1                   01010000000 
   20650000  +1                   01001111000 
   20750000  +1                   01001110000 
   20850000  +1                   01001101000 
   20950000  +1                   01001100000 
   21050000  +1                   01001011000 
   21150000  +1                   01001010000 
   21250000  +1                   01001001000 
   21350000  +1                   01001000000 
   21450000  +1                   01000111000 
   21550000  +1                   01000110000 
   21650000  +1                   01000101000 
   21750000  +1                   01000100000 
   21850000  +1                   01000011000 
   21950000  +1                   01000010000 
   22050000  +1                   01000001000 
   22150000  +1                   01000000000 
   22250000  +1                   00111111000 
   22350000  +1                   00111110000 
   22450000  +1                   00111101000 
   22550000  +1                   00111100000 
   22650000  +1                   00111011000 
   22750000  +1                   00111010000 
   22850000  +1                   00111001000 
   22950000  +1                   00111000000 
   23050000  +1                   00110111000 
   23150000  +1                   00110110000 
   23250000  +1                   00110101000 
   23350000  +1                   00110100000 
   23450000  +1                   00110011000 
   23550000  +1                   00110010000 
   23650000  +1                   00110001000 
   23750000  +1                   00110000000 
   23850000  +1                   00101111000 
   23950000  +1                   00101110000 
   24050000  +1                   00101101000 
   24150000  +1                   00101100000 
   24250000  +1                   00101011000 
   24350000  +1                   00101010000 
   24450000  +1                   00101001000 
   24550000  +1                   00101000000 
   24650000  +1                   00100111000 
   24750000  +1                   00100110000 
   24850000  +1                   00100101000 
   24950000  +1                   00100100000 
   25050000  +1                   00100011000 
   25150000  +1                   00100010000 
   25250000  +1                   00100001000 
   25350000  +1                   00100000000 
   25450000  +1                   00011111000 
   25550000  +1                   00011110000 
   25650000  +1                   00011101000 
   25750000  +1                   00011100000 
   25800000  +2                   00000000000 
